# do {tb_ALU_Random_compile.do}
# ** Warning: (vlib-34) Library already exists at "modelsim_lib/work".
# ** Warning: (vlib-34) Library already exists at "modelsim_lib/msim".
# ** Warning: (vlib-34) Library already exists at "modelsim_lib/msim/xil_defaultlib".
# Model Technology ModelSim SE-64 vmap 10.5 Lib Mapping Utility 2016.02 Feb 13 2016
# vmap xil_defaultlib modelsim_lib/msim/xil_defaultlib 
# Modifying modelsim.ini
# Model Technology ModelSim SE-64 vlog 10.5 Compiler 2016.02 Feb 13 2016
# Start time: 02:29:51 on Mar 13,2025
# vlog -incr -mfcu -work xil_defaultlib ../../../../ALU.srcs/sources_1/new/ALU_Random.v ../../../../ALU.srcs/sim_1/new/tb_ALU_Random.v 
# -- Skipping module ALU_Random
# -- Skipping module tb_ALU_Random
# 
# Top level modules:
# 	tb_ALU_Random
# End time: 02:29:51 on Mar 13,2025, Elapsed time: 0:00:00
# Errors: 0, Warnings: 0
# Model Technology ModelSim SE-64 vlog 10.5 Compiler 2016.02 Feb 13 2016
# Start time: 02:29:51 on Mar 13,2025
# vlog -work xil_defaultlib glbl.v 
# -- Compiling module glbl
# 
# Top level modules:
# 	glbl
# End time: 02:29:51 on Mar 13,2025, Elapsed time: 0:00:00
# Errors: 0, Warnings: 0
