# //  ModelSim SE-64 10.5 Feb 13 2016 
# //
# //  Copyright 1991-2016 Mentor Graphics Corporation
# //  All Rights Reserved.
# //
# //  ModelSim SE-64 and its associated documentation contain trade
# //  secrets and commercial or financial information that are the property of
# //  Mentor Graphics Corporation and are privileged, confidential,
# //  and exempt from disclosure under the Freedom of Information Act,
# //  5 U.S.C. Section 552. Furthermore, this information
# //  is prohibited from disclosure under the Trade Secrets Act,
# //  18 U.S.C. Section 1905.
# //
# do {tb_ALU_Random_simulate.do}
# vsim -voptargs=""+acc"" -L xil_defaultlib -L unisims_ver -L unimacro_ver -L secureip -lib xil_defaultlib xil_defaultlib.tb_ALU_Random xil_defaultlib.glbl 
# Start time: 02:30:04 on Mar 13,2025
# ** Note: (vsim-8009) Loading existing optimized design _opt1
# Loading work.tb_ALU_Random(fast)
# Loading work.ALU_Random(fast)
# Loading work.glbl(fast)
# 1
# 1
# .main_pane.wave.interior.cs.body.pw.wf
# .main_pane.structure.interior.cs.body.struct
# .main_pane.objects.interior.cs.body.tree
# ** Note: $finish    : ../../../../ALU.srcs/sim_1/new/tb_ALU_Random.v(73)
#    Time: 90 ns  Iteration: 0  Instance: /tb_ALU_Random
# 1
# Break in Module tb_ALU_Random at ../../../../ALU.srcs/sim_1/new/tb_ALU_Random.v line 73
# Causality operation skipped due to absence of debug database file
